Determining if the pthread_create exist failed with the following output:
Change Dir: /home/emoryfreitas/Cplusplus-testing/hello/build/CMakeFiles/CMakeTmp

Run Build Command:"/usr/bin/make" "cmTC_2bb7b/fast"
/usr/bin/make -f CMakeFiles/cmTC_2bb7b.dir/build.make CMakeFiles/cmTC_2bb7b.dir/build
make[1]: Entering directory '/home/emoryfreitas/Cplusplus-testing/hello/build/CMakeFiles/CMakeTmp'
Building C object CMakeFiles/cmTC_2bb7b.dir/CheckSymbolExists.c.o
/usr/bin/cc     -o CMakeFiles/cmTC_2bb7b.dir/CheckSymbolExists.c.o   -c /home/emoryfreitas/Cplusplus-testing/hello/build/CMakeFiles/CMakeTmp/CheckSymbolExists.c
Linking C executable cmTC_2bb7b
/usr/bin/cmake -E cmake_link_script CMakeFiles/cmTC_2bb7b.dir/link.txt --verbose=1
/usr/bin/cc       CMakeFiles/cmTC_2bb7b.dir/CheckSymbolExists.c.o  -o cmTC_2bb7b -rdynamic 
CMakeFiles/cmTC_2bb7b.dir/CheckSymbolExists.c.o: na função `main':
CheckSymbolExists.c:(.text+0x1b): referência indefinida para `pthread_create'
collect2: error: ld returned 1 exit status
CMakeFiles/cmTC_2bb7b.dir/build.make:97: recipe for target 'cmTC_2bb7b' failed
make[1]: *** [cmTC_2bb7b] Error 1
make[1]: Leaving directory '/home/emoryfreitas/Cplusplus-testing/hello/build/CMakeFiles/CMakeTmp'
Makefile:126: recipe for target 'cmTC_2bb7b/fast' failed
make: *** [cmTC_2bb7b/fast] Error 2

File /home/emoryfreitas/Cplusplus-testing/hello/build/CMakeFiles/CMakeTmp/CheckSymbolExists.c:
/* */
#include <pthread.h>

int main(int argc, char** argv)
{
  (void)argv;
#ifndef pthread_create
  return ((int*)(&pthread_create))[argc];
#else
  (void)argc;
  return 0;
#endif
}

Determining if the function pthread_create exists in the pthreads failed with the following output:
Change Dir: /home/emoryfreitas/Cplusplus-testing/hello/build/CMakeFiles/CMakeTmp

Run Build Command:"/usr/bin/make" "cmTC_a4535/fast"
/usr/bin/make -f CMakeFiles/cmTC_a4535.dir/build.make CMakeFiles/cmTC_a4535.dir/build
make[1]: Entering directory '/home/emoryfreitas/Cplusplus-testing/hello/build/CMakeFiles/CMakeTmp'
Building C object CMakeFiles/cmTC_a4535.dir/CheckFunctionExists.c.o
/usr/bin/cc    -DCHECK_FUNCTION_EXISTS=pthread_create   -o CMakeFiles/cmTC_a4535.dir/CheckFunctionExists.c.o   -c /usr/share/cmake-3.5/Modules/CheckFunctionExists.c
Linking C executable cmTC_a4535
/usr/bin/cmake -E cmake_link_script CMakeFiles/cmTC_a4535.dir/link.txt --verbose=1
/usr/bin/cc   -DCHECK_FUNCTION_EXISTS=pthread_create    CMakeFiles/cmTC_a4535.dir/CheckFunctionExists.c.o  -o cmTC_a4535 -rdynamic -lpthreads 
/usr/bin/ld: não foi possível encontrar -lpthreads
collect2: error: ld returned 1 exit status
CMakeFiles/cmTC_a4535.dir/build.make:97: recipe for target 'cmTC_a4535' failed
make[1]: *** [cmTC_a4535] Error 1
make[1]: Leaving directory '/home/emoryfreitas/Cplusplus-testing/hello/build/CMakeFiles/CMakeTmp'
Makefile:126: recipe for target 'cmTC_a4535/fast' failed
make: *** [cmTC_a4535/fast] Error 2


